<?xml version="1.0" encoding="UTF-8"?>
<!-- Generated by org.testng.reporters.JUnitReportReporter -->
<testsuite hostname="Midhuns-MacBook-Air.local" failures="0" tests="1" name="seleniumPractice.seleniumPractice" time="38.457" errors="0" timestamp="2025-03-09T23:25:23 IST" skipped="0">
  <testcase classname="seleniumPractice.seleniumPractice" name="test3" time="38.457"/>
  <system-out/>
</testsuite> <!-- seleniumPractice.seleniumPractice -->
